        -:    0:Source:c:/users/user/desktop/lab4/domain/trenchcoat.h
        -:    0:Graph:C:\Users\User\Desktop\lab4\cmake-build-debug-coverage\CMakeFiles\lab4.dir\Vector\DynamicArray.cpp.gcno
        -:    0:Data:C:\Users\User\Desktop\lab4\cmake-build-debug-coverage\CMakeFiles\lab4.dir\Vector\DynamicArray.cpp.gcda
        -:    0:Runs:1
        -:    0:Programs:1
        -:    1:#pragma once
        -:    2:#include <string>
        -:    3:using namespace std;
        -:    4:
    #####:    5:class TrenchCoat
    $$$$$:    5-block  0
    $$$$$:    5-block  1
        -:    6:{
        -:    7:private:
        -:    8:    string Id;
        -:    9:    string Size;
        -:   10:    string Colour;
        -:   11:    int Price;
        -:   12:    int Quantity;
        -:   13:    string Photograph;
        -:   14:public:
        -:   15:    // Create an TrenchCoat
        -:   16:    TrenchCoat(string NewId, string NewSize, string NewColour, int NewPrice, int NewQuantity, string NewPhotograph);
        -:   17:
        -:   18:    // Constructor to create a copy from an existing TrenchCoat
        -:   19:    TrenchCoat(TrenchCoat* SomeTrenchCoat);
        -:   20:
        -:   21:    // Getters
        -:   22:    string GetId() ;
        -:   23:    string GetSize();
        -:   24:    string GetColour();
        -:   25:    int GetPrice() const;
        -:   26:    int GetQuantity() const;
        -:   27:    string GetPhotograph();
        -:   28:
        -:   29:    // Setters
        -:   30:    void SetSize(string NewSize);
        -:   31:    void SetColour(string NewColour);
        -:   32:    void SetPrice(int NewPrice);
        -:   33:    void SetQuantity(int NewQuantity);
        -:   34:    void SetPhotograph(string NewPhotograph);
        -:   35:
        -:   36:};
