        -:    0:Source:C:/Users/User/Desktop/lab4/main.cpp
        -:    0:Graph:C:\Users\User\Desktop\lab4\cmake-build-debug-coverage\CMakeFiles\lab4.dir\main.cpp.gcno
        -:    0:Data:C:\Users\User\Desktop\lab4\cmake-build-debug-coverage\CMakeFiles\lab4.dir\main.cpp.gcda
        -:    0:Runs:1
        -:    0:Programs:1
        -:    1:#include <iostream>
        -:    2:
        -:    3:#include <iostream>
        -:    4:#include "Ui/Ui.h"
        -:    5:#include "Test/Test.h"
        -:    6:
        -:    7:using namespace std;
        -:    8:
        -:    9:
        1:   10:int main()
        1:   10-block  0
        -:   11:{
        1:   12:    RunTests();
        1:   12-block  0
        1:   13:    UI App;
        1:   13-block  0
        1:   14:    App.Start();
        1:   14-block  0
    #####:   15:    return 0;
    $$$$$:   15-block  0
    $$$$$:   15-block  1
        4:   16:}
        1:   16-block  0
        1:   16-block  1
        1:   16-block  2
        1:   16-block  3
        1:   16-block  4
