        -:    0:Source:C:/Users/User/Desktop/lab4/service/Service.cpp
        -:    0:Graph:C:\Users\User\Desktop\lab4\cmake-build-debug-coverage\CMakeFiles\lab4.dir\service\Service.cpp.gcno
        -:    0:Data:C:\Users\User\Desktop\lab4\cmake-build-debug-coverage\CMakeFiles\lab4.dir\service\Service.cpp.gcda
        -:    0:Runs:1
        -:    0:Programs:1
        -:    1://
        -:    2:// Created by User on 3/18/2021.
        -:    3://
        -:    4:
        -:    5:
        -:    6:
        -:    7:#include "../service/Service.h"
        -:    8:#include "../Repository/Repo.h"
        -:    9:#include "../AppException.h"
        -:   10:
        -:   11:
        9:   12:Service::Service()
        9:   12-block  0
        -:   13:{
        9:   14:    TrenchCoatCollection = new TrenchCoatRepository;
        9:   14-block  0
    %%%%%:   14-block  1
        9:   15:}
        9:   15-block  0
        -:   16:
        8:   17:Service::~Service()
        8:   17-block  0
        -:   18:{
        8:   19:    delete TrenchCoatCollection;
        8:   19-block  0
        8:   19-block  1
        8:   20:}
        -:   21:
      245:   22:void Service::AddCommand(const string& NewId, string NewSize,string NewColour, int NewPrice, int NewQuantity, string NewPhotograph)
      245:   22-block  0
        -:   23:{
        -:   24:    // Basic Validation
      245:   25:    if (TrenchCoatCollection->Search(NewId) != NULL)
      245:   25-block  0
        1:   26:        throw AppException();
        1:   26-block  0
      244:   27:    TrenchCoat* NewTrenchCoat = new TrenchCoat(NewId, NewSize,NewColour,NewPrice, NewQuantity, NewPhotograph);
      244:   27-block  0
      244:   27-block  1
      244:   27-block  2
      244:   27-block  3
      244:   27-block  4
      244:   27-block  5
    %%%%%:   27-block  6
    %%%%%:   27-block  7
    %%%%%:   27-block  8
    %%%%%:   27-block  9
    %%%%%:   27-block 10
      244:   28:    TrenchCoatCollection->AddCoat(NewTrenchCoat);
      244:   29:}
        -:   30:
        2:   31:void Service::DeleteCommand(string ExistingTrenchCoatId)
        2:   31-block  0
        -:   32:{
        2:   33:    if (TrenchCoatCollection->Search(ExistingTrenchCoatId) == NULL)
        2:   33-block  0
        1:   34:        throw AppException();
        1:   34-block  0
        1:   35:    TrenchCoatCollection->DeleteCoat(ExistingTrenchCoatId);
        1:   35-block  0
        1:   36:}
        -:   37:
        2:   38:void Service::UpdateCommand(string OldTrenchCoatId, string NewSize,string NewColour,int NewPrice,int NewQuantity, string NewPhotograph)
        2:   38-block  0
        -:   39:{
        -:   40:    // Basic Validation
        2:   41:    if (TrenchCoatCollection->Search(OldTrenchCoatId) == NULL)
        2:   41-block  0
        1:   42:        throw AppException();
        1:   42-block  0
        1:   43:    TrenchCoat* NewTrenchCoat = new TrenchCoat(OldTrenchCoatId, NewSize, NewColour,NewPrice, NewQuantity, NewPhotograph);
        1:   43-block  0
        1:   43-block  1
        1:   43-block  2
        1:   43-block  3
        1:   43-block  4
        1:   43-block  5
    %%%%%:   43-block  6
    %%%%%:   43-block  7
    %%%%%:   43-block  8
    %%%%%:   43-block  9
    %%%%%:   43-block 10
        1:   44:    TrenchCoatCollection->UpdateCoat(OldTrenchCoatId, NewTrenchCoat);
        1:   45:}
        -:   46:
        5:   47:DynamicArray* Service::ListCommand()
        5:   47-block  0
        -:   48:{
        5:   49:    return TrenchCoatCollection->Filter();
        5:   49-block  0
        5:   49-block  1
        5:   49-block  2
        -:   50:}
        -:   51:
    #####:   52:void Service ::Inputs()
    $$$$$:   52-block  0
        -:   53:{
    #####:   54:    TrenchCoat* el1 = new TrenchCoat("1", "M","black",122, 1, "httpdedwc");
    $$$$$:   54-block  0
    $$$$$:   54-block  1
    $$$$$:   54-block  2
    $$$$$:   54-block  3
    $$$$$:   54-block  4
    $$$$$:   54-block  5
    $$$$$:   54-block  6
    %%%%%:   54-block  7
    %%%%%:   54-block  8
    %%%%%:   54-block  9
    %%%%%:   54-block 10
    %%%%%:   54-block 11
    %%%%%:   54-block 12
    %%%%%:   54-block 13
    %%%%%:   54-block 14
    %%%%%:   54-block 15
    #####:   55:    TrenchCoatCollection->AddCoat(el1);
    #####:   56:    TrenchCoat* el2 = new TrenchCoat("2", "L","black",100, 2, "httpdedwc");
    $$$$$:   56-block  0
    $$$$$:   56-block  1
    $$$$$:   56-block  2
    $$$$$:   56-block  3
    $$$$$:   56-block  4
    $$$$$:   56-block  5
    %%%%%:   56-block  6
    %%%%%:   56-block  7
    %%%%%:   56-block  8
    %%%%%:   56-block  9
    %%%%%:   56-block 10
    %%%%%:   56-block 11
    %%%%%:   56-block 12
    %%%%%:   56-block 13
    %%%%%:   56-block 14
    #####:   57:    TrenchCoatCollection->AddCoat(el2);
    #####:   58:    TrenchCoat* el3 = new TrenchCoat("3", "M","black",122, 1, "htgtttpdedwc");
    $$$$$:   58-block  0
    $$$$$:   58-block  1
    $$$$$:   58-block  2
    $$$$$:   58-block  3
    $$$$$:   58-block  4
    $$$$$:   58-block  5
    %%%%%:   58-block  6
    %%%%%:   58-block  7
    %%%%%:   58-block  8
    %%%%%:   58-block  9
    %%%%%:   58-block 10
    %%%%%:   58-block 11
    %%%%%:   58-block 12
    %%%%%:   58-block 13
    %%%%%:   58-block 14
    #####:   59:    TrenchCoatCollection->AddCoat(el3);
    #####:   60:    TrenchCoat* el4 = new TrenchCoat("4", "XL","red",10, 1, "httpdedwc");
    $$$$$:   60-block  0
    $$$$$:   60-block  1
    $$$$$:   60-block  2
    $$$$$:   60-block  3
    $$$$$:   60-block  4
    $$$$$:   60-block  5
    %%%%%:   60-block  6
    %%%%%:   60-block  7
    %%%%%:   60-block  8
    %%%%%:   60-block  9
    %%%%%:   60-block 10
    %%%%%:   60-block 11
    %%%%%:   60-block 12
    %%%%%:   60-block 13
    %%%%%:   60-block 14
    #####:   61:    TrenchCoatCollection->AddCoat(el4);
    #####:   62:    TrenchCoat* el5 = new TrenchCoat("5", "M","black",12, 1, "httpdedwc");
    $$$$$:   62-block  0
    $$$$$:   62-block  1
    $$$$$:   62-block  2
    $$$$$:   62-block  3
    $$$$$:   62-block  4
    $$$$$:   62-block  5
    %%%%%:   62-block  6
    %%%%%:   62-block  7
    %%%%%:   62-block  8
    %%%%%:   62-block  9
    %%%%%:   62-block 10
    %%%%%:   62-block 11
    %%%%%:   62-block 12
    %%%%%:   62-block 13
    %%%%%:   62-block 14
    #####:   63:    TrenchCoatCollection->AddCoat(el5);
    #####:   64:    TrenchCoat* el6 = new TrenchCoat("6", "S","black",50, 1, "httpdedwc");
    $$$$$:   64-block  0
    $$$$$:   64-block  1
    $$$$$:   64-block  2
    $$$$$:   64-block  3
    $$$$$:   64-block  4
    $$$$$:   64-block  5
    %%%%%:   64-block  6
    %%%%%:   64-block  7
    %%%%%:   64-block  8
    %%%%%:   64-block  9
    %%%%%:   64-block 10
    %%%%%:   64-block 11
    %%%%%:   64-block 12
    %%%%%:   64-block 13
    %%%%%:   64-block 14
    #####:   65:    TrenchCoatCollection->AddCoat(el6);
    #####:   66:    TrenchCoat* el7 = new TrenchCoat("7", "XS","white",162, 1, "httpdedwc");
    $$$$$:   66-block  0
    $$$$$:   66-block  1
    $$$$$:   66-block  2
    $$$$$:   66-block  3
    $$$$$:   66-block  4
    $$$$$:   66-block  5
    %%%%%:   66-block  6
    %%%%%:   66-block  7
    %%%%%:   66-block  8
    %%%%%:   66-block  9
    %%%%%:   66-block 10
    %%%%%:   66-block 11
    %%%%%:   66-block 12
    %%%%%:   66-block 13
    %%%%%:   66-block 14
    #####:   67:    TrenchCoatCollection->AddCoat(el7);
    #####:   68:    TrenchCoat* el8 = new TrenchCoat("8", "M","pink",352, 1, "httpdedwc");
    $$$$$:   68-block  0
    $$$$$:   68-block  1
    $$$$$:   68-block  2
    $$$$$:   68-block  3
    $$$$$:   68-block  4
    $$$$$:   68-block  5
    %%%%%:   68-block  6
    %%%%%:   68-block  7
    %%%%%:   68-block  8
    %%%%%:   68-block  9
    %%%%%:   68-block 10
    %%%%%:   68-block 11
    %%%%%:   68-block 12
    %%%%%:   68-block 13
    %%%%%:   68-block 14
    #####:   69:    TrenchCoatCollection->AddCoat(el8);
    #####:   70:    TrenchCoat* el9 = new TrenchCoat("9", "M","black",122, 1, "httpdedwc");
    $$$$$:   70-block  0
    $$$$$:   70-block  1
    $$$$$:   70-block  2
    $$$$$:   70-block  3
    $$$$$:   70-block  4
    $$$$$:   70-block  5
    %%%%%:   70-block  6
    %%%%%:   70-block  7
    %%%%%:   70-block  8
    %%%%%:   70-block  9
    %%%%%:   70-block 10
    %%%%%:   70-block 11
    %%%%%:   70-block 12
    %%%%%:   70-block 13
    %%%%%:   70-block 14
    #####:   71:    TrenchCoatCollection->AddCoat(el9);
    #####:   72:    TrenchCoat* el10 = new TrenchCoat("10", "M","black",122, 1, "httpdedwc");
    $$$$$:   72-block  0
    $$$$$:   72-block  1
    $$$$$:   72-block  2
    $$$$$:   72-block  3
    $$$$$:   72-block  4
    $$$$$:   72-block  5
    %%%%%:   72-block  6
    %%%%%:   72-block  7
    %%%%%:   72-block  8
    %%%%%:   72-block  9
    %%%%%:   72-block 10
    %%%%%:   72-block 11
    %%%%%:   72-block 12
    %%%%%:   72-block 13
    %%%%%:   72-block 14
    #####:   73:    TrenchCoatCollection->AddCoat(el10);
        -:   74:
    #####:   75:}
